<?xml version="1.0" encoding="UTF-8"?>
<!-- Generated by org.testng.reporters.JUnitReportReporter -->
<testsuite hostname="DESKTOP-DF0C96B" failures="0" tests="7" name="testcase.TestCase" time="0.020" errors="0" timestamp="2024-02-15T18:03:02 IST" skipped="0">
  <testcase classname="testcase.TestCase" name="dashboard" time="0.011"/>
  <system-out/>
  <testcase classname="testcase.TestCase" name="loginTest" time="0.001"/>
  <system-out/>
  <testcase classname="testcase.TestCase" name="loginTest" time="0.001"/>
  <system-out/>
  <testcase classname="testcase.TestCase" name="loginTest" time="0.001"/>
  <system-out/>
  <testcase classname="testcase.TestCase" name="loginTest" time="0.001"/>
  <system-out/>
  <testcase classname="testcase.TestCase" name="loginTest" time="0.003"/>
  <system-out/>
  <testcase classname="testcase.TestCase" name="home" time="0.002"/>
  <system-out/>
</testsuite> <!-- testcase.TestCase -->
